[0m09:42:36.963551 [debug] [MainThread]: Sending event: {'category': 'dbt', 'action': 'invocation', 'label': 'start', 'context': [<snowplow_tracker.self_describing_json.SelfDescribingJson object at 0x0000024E1993AB40>, <snowplow_tracker.self_describing_json.SelfDescribingJson object at 0x0000024E1B8D2090>, <snowplow_tracker.self_describing_json.SelfDescribingJson object at 0x0000024E1B8D0D70>]}


============================== 09:42:36.974556 | abc1db70-4e5f-4890-979a-60bd55cd123d ==============================
[0m09:42:36.974556 [info ] [MainThread]: Running with dbt=1.8.0
[0m09:42:36.976550 [debug] [MainThread]: running dbt with arguments {'printer_width': '80', 'indirect_selection': 'eager', 'log_cache_events': 'False', 'write_json': 'True', 'partial_parse': 'True', 'cache_selected_only': 'False', 'profiles_dir': 'C:\\Users\\Admin\\.dbt', 'fail_fast': 'False', 'warn_error': 'None', 'log_path': 'E:\\Projects\\talent4startupproject\\dbt_t4s\\logs', 'version_check': 'True', 'debug': 'False', 'use_colors': 'True', 'use_experimental_parser': 'False', 'no_print': 'None', 'quiet': 'False', 'warn_error_options': 'WarnErrorOptions(include=[], exclude=[])', 'invocation_command': 'dbt debug', 'log_format': 'default', 'introspect': 'True', 'target_path': 'None', 'static_parser': 'True', 'send_anonymous_usage_stats': 'True'}
[0m09:42:37.032556 [info ] [MainThread]: dbt version: 1.8.0
[0m09:42:37.034550 [info ] [MainThread]: python version: 3.12.1
[0m09:42:37.036553 [info ] [MainThread]: python path: E:\Projects\talent4startupproject\venv\Scripts\python.exe
[0m09:42:37.037547 [info ] [MainThread]: os info: Windows-10-10.0.19045-SP0
[0m09:42:37.878551 [info ] [MainThread]: Using profiles dir at C:\Users\Admin\.dbt
[0m09:42:37.880547 [info ] [MainThread]: Using profiles.yml file at C:\Users\Admin\.dbt\profiles.yml
[0m09:42:37.881556 [info ] [MainThread]: Using dbt_project.yml file at E:\Projects\talent4startupproject\dbt_t4s\dbt_project.yml
[0m09:42:37.884546 [info ] [MainThread]: adapter type: snowflake
[0m09:42:37.887450 [info ] [MainThread]: adapter version: 1.8.1
[0m09:42:38.095462 [info ] [MainThread]: Configuration:
[0m09:42:38.097450 [info ] [MainThread]:   profiles.yml file [[32mOK found and valid[0m]
[0m09:42:38.099450 [info ] [MainThread]:   dbt_project.yml file [[32mOK found and valid[0m]
[0m09:42:38.100450 [info ] [MainThread]: Required dependencies:
[0m09:42:38.104454 [debug] [MainThread]: Executing "git --help"
[0m09:42:38.235449 [debug] [MainThread]: STDOUT: "b"usage: git [-v | --version] [-h | --help] [-C <path>] [-c <name>=<value>]\n           [--exec-path[=<path>]] [--html-path] [--man-path] [--info-path]\n           [-p | --paginate | -P | --no-pager] [--no-replace-objects] [--bare]\n           [--git-dir=<path>] [--work-tree=<path>] [--namespace=<name>]\n           [--config-env=<name>=<envvar>] <command> [<args>]\n\nThese are common Git commands used in various situations:\n\nstart a working area (see also: git help tutorial)\n   clone     Clone a repository into a new directory\n   init      Create an empty Git repository or reinitialize an existing one\n\nwork on the current change (see also: git help everyday)\n   add       Add file contents to the index\n   mv        Move or rename a file, a directory, or a symlink\n   restore   Restore working tree files\n   rm        Remove files from the working tree and from the index\n\nexamine the history and state (see also: git help revisions)\n   bisect    Use binary search to find the commit that introduced a bug\n   diff      Show changes between commits, commit and working tree, etc\n   grep      Print lines matching a pattern\n   log       Show commit logs\n   show      Show various types of objects\n   status    Show the working tree status\n\ngrow, mark and tweak your common history\n   branch    List, create, or delete branches\n   commit    Record changes to the repository\n   merge     Join two or more development histories together\n   rebase    Reapply commits on top of another base tip\n   reset     Reset current HEAD to the specified state\n   switch    Switch branches\n   tag       Create, list, delete or verify a tag object signed with GPG\n\ncollaborate (see also: git help workflows)\n   fetch     Download objects and refs from another repository\n   pull      Fetch from and integrate with another repository or a local branch\n   push      Update remote refs along with associated objects\n\n'git help -a' and 'git help -g' list available subcommands and some\nconcept guides. See 'git help <command>' or 'git help <concept>'\nto read about a specific subcommand or concept.\nSee 'git help git' for an overview of the system.\n""
[0m09:42:38.237448 [debug] [MainThread]: STDERR: "b''"
[0m09:42:38.239452 [info ] [MainThread]:  - git [[32mOK found[0m]

[0m09:42:38.242450 [info ] [MainThread]: Connection:
[0m09:42:38.244451 [info ] [MainThread]:   account: mbarndouka
[0m09:42:38.246450 [info ] [MainThread]:   user: mbarndouka
[0m09:42:38.247450 [info ] [MainThread]:   database: TALENT4STARTUP
[0m09:42:38.249451 [info ] [MainThread]:   warehouse: DIGITAL_AFRICA
[0m09:42:38.251455 [info ] [MainThread]:   role: admin
[0m09:42:38.253452 [info ] [MainThread]:   schema: Staging
[0m09:42:38.256452 [info ] [MainThread]:   authenticator: None
[0m09:42:38.258451 [info ] [MainThread]:   oauth_client_id: None
[0m09:42:38.260449 [info ] [MainThread]:   query_tag: None
[0m09:42:38.264451 [info ] [MainThread]:   client_session_keep_alive: False
[0m09:42:38.266450 [info ] [MainThread]:   host: None
[0m09:42:38.268452 [info ] [MainThread]:   port: None
[0m09:42:38.272452 [info ] [MainThread]:   proxy_host: None
[0m09:42:38.279451 [info ] [MainThread]:   proxy_port: None
[0m09:42:38.282451 [info ] [MainThread]:   protocol: None
[0m09:42:38.284450 [info ] [MainThread]:   connect_retries: 1
[0m09:42:38.286452 [info ] [MainThread]:   connect_timeout: None
[0m09:42:38.289453 [info ] [MainThread]:   retry_on_database_errors: False
[0m09:42:38.290450 [info ] [MainThread]:   retry_all: False
[0m09:42:38.293455 [info ] [MainThread]:   insecure_mode: False
[0m09:42:38.297451 [info ] [MainThread]:   reuse_connections: None
[0m09:42:38.299451 [info ] [MainThread]: Registered adapter: snowflake=1.8.1
[0m09:42:38.303454 [debug] [MainThread]: Acquiring new snowflake connection 'debug'
[0m09:42:38.305454 [debug] [MainThread]: Using snowflake connection "debug"
[0m09:42:38.307451 [debug] [MainThread]: On debug: select 1 as id
[0m09:42:38.309453 [debug] [MainThread]: Opening a new connection, currently in state init
[0m09:42:40.243431 [debug] [MainThread]: Snowflake adapter: Error running SQL: select 1 as id
[0m09:42:40.244430 [debug] [MainThread]: Snowflake adapter: Rolling back transaction.
[0m09:42:40.245431 [debug] [MainThread]: On debug: No close available on handle
[0m09:42:40.246430 [info ] [MainThread]:   Connection test: [[31mERROR[0m]

[0m09:42:40.248433 [info ] [MainThread]: [31m1 check failed:[0m
[0m09:42:40.250429 [info ] [MainThread]: dbt was unable to connect to the specified database.
The database returned the following error:

  >Database Error
  250001 (08001): Failed to connect to DB. Verify the account name is correct: mbarndouka.snowflakecomputing.com:443. HTTP 403: Forbidden

Check your database credentials and try again. For more information, visit:
https://docs.getdbt.com/docs/configure-your-profile


[0m09:42:40.255435 [debug] [MainThread]: Command `dbt debug` failed at 09:42:40.255435 after 3.48 seconds
[0m09:42:40.257431 [debug] [MainThread]: Connection 'debug' was properly closed.
[0m09:42:40.258431 [debug] [MainThread]: Sending event: {'category': 'dbt', 'action': 'invocation', 'label': 'end', 'context': [<snowplow_tracker.self_describing_json.SelfDescribingJson object at 0x0000024E1C1FF8F0>, <snowplow_tracker.self_describing_json.SelfDescribingJson object at 0x0000024E1993AB40>, <snowplow_tracker.self_describing_json.SelfDescribingJson object at 0x0000024E18BCF650>]}
[0m09:42:40.260436 [debug] [MainThread]: Flushing usage events
